<?xml version="1.0" encoding="UTF-8"?>
<testsuite xmlns:xsi="http://www.w3.org/2001/XMLSchema-instance" xsi:noNamespaceSchemaLocation="https://maven.apache.org/surefire/maven-surefire-plugin/xsd/surefire-test-report.xsd" name="br.com.web.groove.tech.tests.LoginTest" time="43.209" tests="2" errors="0" skipped="0" failures="0">
  <properties>
    <property name="gopherProxySet" value="false"/>
    <property name="awt.toolkit" value="sun.lwawt.macosx.LWCToolkit"/>
    <property name="file.encoding.pkg" value="sun.io"/>
    <property name="java.specification.version" value="1.8"/>
    <property name="sun.cpu.isalist" value=""/>
    <property name="sun.jnu.encoding" value="UTF-8"/>
    <property name="java.class.path" value="/Users/zupper/Documents/GrooveTestDev/GrooveTechProject/desafio-aut-web/target/test-classes:/Users/zupper/Documents/GrooveTestDev/GrooveTechProject/desafio-aut-web/target/classes:/Users/zupper/.m2/repository/info/cukes/cucumber-junit/1.2.5/cucumber-junit-1.2.5.jar:/Users/zupper/.m2/repository/info/cukes/cucumber-core/1.2.5/cucumber-core-1.2.5.jar:/Users/zupper/.m2/repository/info/cukes/cucumber-html/0.2.3/cucumber-html-0.2.3.jar:/Users/zupper/.m2/repository/info/cukes/cucumber-jvm-deps/1.0.5/cucumber-jvm-deps-1.0.5.jar:/Users/zupper/.m2/repository/info/cukes/gherkin/2.12.2/gherkin-2.12.2.jar:/Users/zupper/.m2/repository/ru/yandex/qatools/allure/allure-junit-adaptor/1.5.4/allure-junit-adaptor-1.5.4.jar:/Users/zupper/.m2/repository/ru/yandex/qatools/allure/allure-java-aspects/1.5.4/allure-java-aspects-1.5.4.jar:/Users/zupper/.m2/repository/ru/yandex/qatools/allure/allure-java-adaptor-api/1.5.4/allure-java-adaptor-api-1.5.4.jar:/Users/zupper/.m2/repository/ru/yandex/qatools/allure/allure-java-annotations/1.5.4/allure-java-annotations-1.5.4.jar:/Users/zupper/.m2/repository/ru/yandex/qatools/allure/allure-model/1.5.4/allure-model-1.5.4.jar:/Users/zupper/.m2/repository/org/jvnet/jaxb2_commons/jaxb2-basics-runtime/0.9.3/jaxb2-basics-runtime-0.9.3.jar:/Users/zupper/.m2/repository/ru/qatools/commons/properties/2.0.RC5/properties-2.0.RC5.jar:/Users/zupper/.m2/repository/org/slf4j/slf4j-api/1.7.12/slf4j-api-1.7.12.jar:/Users/zupper/.m2/repository/org/apache/tika/tika-core/1.7/tika-core-1.7.jar:/Users/zupper/.m2/repository/org/aspectj/aspectjrt/1.8.3/aspectjrt-1.8.3.jar:/Users/zupper/.m2/repository/info/cukes/cucumber-java/1.2.5/cucumber-java-1.2.5.jar:/Users/zupper/.m2/repository/com/microsoft/sqlserver/mssql-jdbc/6.5.3.jre10-preview/mssql-jdbc-6.5.3.jre10-preview.jar:/Users/zupper/.m2/repository/junit/junit/4.12/junit-4.12.jar:/Users/zupper/.m2/repository/org/hamcrest/hamcrest-core/1.3/hamcrest-core-1.3.jar:/Users/zupper/.m2/repository/com/jgoodies/jgoodies-forms/1.8.0/jgoodies-forms-1.8.0.jar:/Users/zupper/.m2/repository/com/jgoodies/jgoodies-common/1.8.0/jgoodies-common-1.8.0.jar:/Users/zupper/.m2/repository/org/springframework/spring-test/4.3.4.RELEASE/spring-test-4.3.4.RELEASE.jar:/Users/zupper/.m2/repository/org/springframework/spring-core/4.3.4.RELEASE/spring-core-4.3.4.RELEASE.jar:/Users/zupper/.m2/repository/commons-logging/commons-logging/1.2/commons-logging-1.2.jar:/Users/zupper/.m2/repository/org/springframework/spring-context/4.3.4.RELEASE/spring-context-4.3.4.RELEASE.jar:/Users/zupper/.m2/repository/org/springframework/spring-aop/4.3.4.RELEASE/spring-aop-4.3.4.RELEASE.jar:/Users/zupper/.m2/repository/org/springframework/spring-beans/4.3.4.RELEASE/spring-beans-4.3.4.RELEASE.jar:/Users/zupper/.m2/repository/org/springframework/spring-expression/4.3.4.RELEASE/spring-expression-4.3.4.RELEASE.jar:/Users/zupper/.m2/repository/org/springframework/spring-jdbc/4.3.4.RELEASE/spring-jdbc-4.3.4.RELEASE.jar:/Users/zupper/.m2/repository/org/springframework/spring-tx/4.3.4.RELEASE/spring-tx-4.3.4.RELEASE.jar:/Users/zupper/.m2/repository/org/seleniumhq/selenium/selenium-java/3.141.59/selenium-java-3.141.59.jar:/Users/zupper/.m2/repository/org/seleniumhq/selenium/selenium-api/3.141.59/selenium-api-3.141.59.jar:/Users/zupper/.m2/repository/org/seleniumhq/selenium/selenium-chrome-driver/3.141.59/selenium-chrome-driver-3.141.59.jar:/Users/zupper/.m2/repository/org/seleniumhq/selenium/selenium-edge-driver/3.141.59/selenium-edge-driver-3.141.59.jar:/Users/zupper/.m2/repository/org/seleniumhq/selenium/selenium-ie-driver/3.141.59/selenium-ie-driver-3.141.59.jar:/Users/zupper/.m2/repository/org/seleniumhq/selenium/selenium-opera-driver/3.141.59/selenium-opera-driver-3.141.59.jar:/Users/zupper/.m2/repository/org/seleniumhq/selenium/selenium-remote-driver/3.141.59/selenium-remote-driver-3.141.59.jar:/Users/zupper/.m2/repository/org/seleniumhq/selenium/selenium-safari-driver/3.141.59/selenium-safari-driver-3.141.59.jar:/Users/zupper/.m2/repository/org/seleniumhq/selenium/selenium-support/3.141.59/selenium-support-3.141.59.jar:/Users/zupper/.m2/repository/net/bytebuddy/byte-buddy/1.8.15/byte-buddy-1.8.15.jar:/Users/zupper/.m2/repository/org/apache/commons/commons-exec/1.3/commons-exec-1.3.jar:/Users/zupper/.m2/repository/com/squareup/okhttp3/okhttp/3.11.0/okhttp-3.11.0.jar:/Users/zupper/.m2/repository/com/squareup/okio/okio/1.14.0/okio-1.14.0.jar:/Users/zupper/.m2/repository/org/seleniumhq/selenium/selenium-server/3.141.59/selenium-server-3.141.59.jar:/Users/zupper/.m2/repository/com/beust/jcommander/1.72/jcommander-1.72.jar:/Users/zupper/.m2/repository/net/jcip/jcip-annotations/1.0/jcip-annotations-1.0.jar:/Users/zupper/.m2/repository/org/seleniumhq/selenium/jetty-repacked/9.4.12.v20180830/jetty-repacked-9.4.12.v20180830.jar:/Users/zupper/.m2/repository/javax/servlet/javax.servlet-api/3.1.0/javax.servlet-api-3.1.0.jar:/Users/zupper/.m2/repository/org/yaml/snakeyaml/1.19/snakeyaml-1.19.jar:/Users/zupper/.m2/repository/org/seleniumhq/selenium/selenium-firefox-driver/3.141.59/selenium-firefox-driver-3.141.59.jar:/Users/zupper/.m2/repository/net/sf/jasperreports/jasperreports/5.2.0/jasperreports-5.2.0.jar:/Users/zupper/.m2/repository/commons-beanutils/commons-beanutils/1.8.0/commons-beanutils-1.8.0.jar:/Users/zupper/.m2/repository/commons-collections/commons-collections/2.1/commons-collections-2.1.jar:/Users/zupper/.m2/repository/commons-digester/commons-digester/2.1/commons-digester-2.1.jar:/Users/zupper/.m2/repository/com/lowagie/itext/2.1.7.js2/itext-2.1.7.js2.jar:/Users/zupper/.m2/repository/bouncycastle/bcmail-jdk14/138/bcmail-jdk14-138.jar:/Users/zupper/.m2/repository/bouncycastle/bcprov-jdk14/138/bcprov-jdk14-138.jar:/Users/zupper/.m2/repository/org/bouncycastle/bctsp-jdk14/1.38/bctsp-jdk14-1.38.jar:/Users/zupper/.m2/repository/org/bouncycastle/bcprov-jdk14/1.38/bcprov-jdk14-1.38.jar:/Users/zupper/.m2/repository/org/bouncycastle/bcmail-jdk14/1.38/bcmail-jdk14-1.38.jar:/Users/zupper/.m2/repository/jfree/jcommon/1.0.15/jcommon-1.0.15.jar:/Users/zupper/.m2/repository/jfree/jfreechart/1.0.12/jfreechart-1.0.12.jar:/Users/zupper/.m2/repository/eclipse/jdtcore/3.1.0/jdtcore-3.1.0.jar:/Users/zupper/.m2/repository/org/codehaus/castor/castor/1.2/castor-1.2.jar:/Users/zupper/.m2/repository/com/fasterxml/jackson/core/jackson-core/2.0.5/jackson-core-2.0.5.jar:/Users/zupper/.m2/repository/com/fasterxml/jackson/core/jackson-databind/2.0.5/jackson-databind-2.0.5.jar:/Users/zupper/.m2/repository/com/fasterxml/jackson/core/jackson-annotations/2.0.5/jackson-annotations-2.0.5.jar:/Users/zupper/.m2/repository/xml-apis/xml-apis/1.4.01/xml-apis-1.4.01.jar:/Users/zupper/.m2/repository/com/codeborne/phantomjsdriver/1.2.1/phantomjsdriver-1.2.1.jar:/Users/zupper/.m2/repository/org/apache/httpcomponents/httpcore/4.4.4/httpcore-4.4.4.jar:/Users/zupper/.m2/repository/com/google/guava/guava/23.0/guava-23.0.jar:/Users/zupper/.m2/repository/com/google/code/findbugs/jsr305/1.3.9/jsr305-1.3.9.jar:/Users/zupper/.m2/repository/com/google/errorprone/error_prone_annotations/2.0.18/error_prone_annotations-2.0.18.jar:/Users/zupper/.m2/repository/com/google/j2objc/j2objc-annotations/1.1/j2objc-annotations-1.1.jar:/Users/zupper/.m2/repository/org/codehaus/mojo/animal-sniffer-annotations/1.14/animal-sniffer-annotations-1.14.jar:/Users/zupper/.m2/repository/com/google/code/gson/gson/2.8.2/gson-2.8.2.jar:/Users/zupper/.m2/repository/log4j/log4j/1.2.17/log4j-1.2.17.jar:/Users/zupper/.m2/repository/com/relevantcodes/extentreports/2.04/extentreports-2.04.jar:"/>
    <property name="java.vm.vendor" value="Oracle Corporation"/>
    <property name="sun.arch.data.model" value="64"/>
    <property name="java.vendor.url" value="http://java.oracle.com/"/>
    <property name="user.timezone" value=""/>
    <property name="java.vm.specification.version" value="1.8"/>
    <property name="os.name" value="Mac OS X"/>
    <property name="user.country" value="BR"/>
    <property name="sun.java.launcher" value="SUN_STANDARD"/>
    <property name="sun.boot.library.path" value="/Library/Java/JavaVirtualMachines/jdk1.8.0_192.jdk/Contents/Home/jre/lib"/>
    <property name="sun.java.command" value="/Users/zupper/Documents/GrooveTestDev/GrooveTechProject/desafio-aut-web/target/surefire/surefirebooter4974282523377186439.jar /Users/zupper/Documents/GrooveTestDev/GrooveTechProject/desafio-aut-web/target/surefire 2019-06-19T14-41-55_888-jvmRun1 surefire3355621576082430452tmp surefire_05699536053153105770tmp"/>
    <property name="http.nonProxyHosts" value="local|*.local|169.254/16|*.169.254/16"/>
    <property name="surefire.test.class.path" value="/Users/zupper/Documents/GrooveTestDev/GrooveTechProject/desafio-aut-web/target/test-classes:/Users/zupper/Documents/GrooveTestDev/GrooveTechProject/desafio-aut-web/target/classes:/Users/zupper/.m2/repository/info/cukes/cucumber-junit/1.2.5/cucumber-junit-1.2.5.jar:/Users/zupper/.m2/repository/info/cukes/cucumber-core/1.2.5/cucumber-core-1.2.5.jar:/Users/zupper/.m2/repository/info/cukes/cucumber-html/0.2.3/cucumber-html-0.2.3.jar:/Users/zupper/.m2/repository/info/cukes/cucumber-jvm-deps/1.0.5/cucumber-jvm-deps-1.0.5.jar:/Users/zupper/.m2/repository/info/cukes/gherkin/2.12.2/gherkin-2.12.2.jar:/Users/zupper/.m2/repository/ru/yandex/qatools/allure/allure-junit-adaptor/1.5.4/allure-junit-adaptor-1.5.4.jar:/Users/zupper/.m2/repository/ru/yandex/qatools/allure/allure-java-aspects/1.5.4/allure-java-aspects-1.5.4.jar:/Users/zupper/.m2/repository/ru/yandex/qatools/allure/allure-java-adaptor-api/1.5.4/allure-java-adaptor-api-1.5.4.jar:/Users/zupper/.m2/repository/ru/yandex/qatools/allure/allure-java-annotations/1.5.4/allure-java-annotations-1.5.4.jar:/Users/zupper/.m2/repository/ru/yandex/qatools/allure/allure-model/1.5.4/allure-model-1.5.4.jar:/Users/zupper/.m2/repository/org/jvnet/jaxb2_commons/jaxb2-basics-runtime/0.9.3/jaxb2-basics-runtime-0.9.3.jar:/Users/zupper/.m2/repository/ru/qatools/commons/properties/2.0.RC5/properties-2.0.RC5.jar:/Users/zupper/.m2/repository/org/slf4j/slf4j-api/1.7.12/slf4j-api-1.7.12.jar:/Users/zupper/.m2/repository/org/apache/tika/tika-core/1.7/tika-core-1.7.jar:/Users/zupper/.m2/repository/org/aspectj/aspectjrt/1.8.3/aspectjrt-1.8.3.jar:/Users/zupper/.m2/repository/info/cukes/cucumber-java/1.2.5/cucumber-java-1.2.5.jar:/Users/zupper/.m2/repository/com/microsoft/sqlserver/mssql-jdbc/6.5.3.jre10-preview/mssql-jdbc-6.5.3.jre10-preview.jar:/Users/zupper/.m2/repository/junit/junit/4.12/junit-4.12.jar:/Users/zupper/.m2/repository/org/hamcrest/hamcrest-core/1.3/hamcrest-core-1.3.jar:/Users/zupper/.m2/repository/com/jgoodies/jgoodies-forms/1.8.0/jgoodies-forms-1.8.0.jar:/Users/zupper/.m2/repository/com/jgoodies/jgoodies-common/1.8.0/jgoodies-common-1.8.0.jar:/Users/zupper/.m2/repository/org/springframework/spring-test/4.3.4.RELEASE/spring-test-4.3.4.RELEASE.jar:/Users/zupper/.m2/repository/org/springframework/spring-core/4.3.4.RELEASE/spring-core-4.3.4.RELEASE.jar:/Users/zupper/.m2/repository/commons-logging/commons-logging/1.2/commons-logging-1.2.jar:/Users/zupper/.m2/repository/org/springframework/spring-context/4.3.4.RELEASE/spring-context-4.3.4.RELEASE.jar:/Users/zupper/.m2/repository/org/springframework/spring-aop/4.3.4.RELEASE/spring-aop-4.3.4.RELEASE.jar:/Users/zupper/.m2/repository/org/springframework/spring-beans/4.3.4.RELEASE/spring-beans-4.3.4.RELEASE.jar:/Users/zupper/.m2/repository/org/springframework/spring-expression/4.3.4.RELEASE/spring-expression-4.3.4.RELEASE.jar:/Users/zupper/.m2/repository/org/springframework/spring-jdbc/4.3.4.RELEASE/spring-jdbc-4.3.4.RELEASE.jar:/Users/zupper/.m2/repository/org/springframework/spring-tx/4.3.4.RELEASE/spring-tx-4.3.4.RELEASE.jar:/Users/zupper/.m2/repository/org/seleniumhq/selenium/selenium-java/3.141.59/selenium-java-3.141.59.jar:/Users/zupper/.m2/repository/org/seleniumhq/selenium/selenium-api/3.141.59/selenium-api-3.141.59.jar:/Users/zupper/.m2/repository/org/seleniumhq/selenium/selenium-chrome-driver/3.141.59/selenium-chrome-driver-3.141.59.jar:/Users/zupper/.m2/repository/org/seleniumhq/selenium/selenium-edge-driver/3.141.59/selenium-edge-driver-3.141.59.jar:/Users/zupper/.m2/repository/org/seleniumhq/selenium/selenium-ie-driver/3.141.59/selenium-ie-driver-3.141.59.jar:/Users/zupper/.m2/repository/org/seleniumhq/selenium/selenium-opera-driver/3.141.59/selenium-opera-driver-3.141.59.jar:/Users/zupper/.m2/repository/org/seleniumhq/selenium/selenium-remote-driver/3.141.59/selenium-remote-driver-3.141.59.jar:/Users/zupper/.m2/repository/org/seleniumhq/selenium/selenium-safari-driver/3.141.59/selenium-safari-driver-3.141.59.jar:/Users/zupper/.m2/repository/org/seleniumhq/selenium/selenium-support/3.141.59/selenium-support-3.141.59.jar:/Users/zupper/.m2/repository/net/bytebuddy/byte-buddy/1.8.15/byte-buddy-1.8.15.jar:/Users/zupper/.m2/repository/org/apache/commons/commons-exec/1.3/commons-exec-1.3.jar:/Users/zupper/.m2/repository/com/squareup/okhttp3/okhttp/3.11.0/okhttp-3.11.0.jar:/Users/zupper/.m2/repository/com/squareup/okio/okio/1.14.0/okio-1.14.0.jar:/Users/zupper/.m2/repository/org/seleniumhq/selenium/selenium-server/3.141.59/selenium-server-3.141.59.jar:/Users/zupper/.m2/repository/com/beust/jcommander/1.72/jcommander-1.72.jar:/Users/zupper/.m2/repository/net/jcip/jcip-annotations/1.0/jcip-annotations-1.0.jar:/Users/zupper/.m2/repository/org/seleniumhq/selenium/jetty-repacked/9.4.12.v20180830/jetty-repacked-9.4.12.v20180830.jar:/Users/zupper/.m2/repository/javax/servlet/javax.servlet-api/3.1.0/javax.servlet-api-3.1.0.jar:/Users/zupper/.m2/repository/org/yaml/snakeyaml/1.19/snakeyaml-1.19.jar:/Users/zupper/.m2/repository/org/seleniumhq/selenium/selenium-firefox-driver/3.141.59/selenium-firefox-driver-3.141.59.jar:/Users/zupper/.m2/repository/net/sf/jasperreports/jasperreports/5.2.0/jasperreports-5.2.0.jar:/Users/zupper/.m2/repository/commons-beanutils/commons-beanutils/1.8.0/commons-beanutils-1.8.0.jar:/Users/zupper/.m2/repository/commons-collections/commons-collections/2.1/commons-collections-2.1.jar:/Users/zupper/.m2/repository/commons-digester/commons-digester/2.1/commons-digester-2.1.jar:/Users/zupper/.m2/repository/com/lowagie/itext/2.1.7.js2/itext-2.1.7.js2.jar:/Users/zupper/.m2/repository/bouncycastle/bcmail-jdk14/138/bcmail-jdk14-138.jar:/Users/zupper/.m2/repository/bouncycastle/bcprov-jdk14/138/bcprov-jdk14-138.jar:/Users/zupper/.m2/repository/org/bouncycastle/bctsp-jdk14/1.38/bctsp-jdk14-1.38.jar:/Users/zupper/.m2/repository/org/bouncycastle/bcprov-jdk14/1.38/bcprov-jdk14-1.38.jar:/Users/zupper/.m2/repository/org/bouncycastle/bcmail-jdk14/1.38/bcmail-jdk14-1.38.jar:/Users/zupper/.m2/repository/jfree/jcommon/1.0.15/jcommon-1.0.15.jar:/Users/zupper/.m2/repository/jfree/jfreechart/1.0.12/jfreechart-1.0.12.jar:/Users/zupper/.m2/repository/eclipse/jdtcore/3.1.0/jdtcore-3.1.0.jar:/Users/zupper/.m2/repository/org/codehaus/castor/castor/1.2/castor-1.2.jar:/Users/zupper/.m2/repository/com/fasterxml/jackson/core/jackson-core/2.0.5/jackson-core-2.0.5.jar:/Users/zupper/.m2/repository/com/fasterxml/jackson/core/jackson-databind/2.0.5/jackson-databind-2.0.5.jar:/Users/zupper/.m2/repository/com/fasterxml/jackson/core/jackson-annotations/2.0.5/jackson-annotations-2.0.5.jar:/Users/zupper/.m2/repository/xml-apis/xml-apis/1.4.01/xml-apis-1.4.01.jar:/Users/zupper/.m2/repository/com/codeborne/phantomjsdriver/1.2.1/phantomjsdriver-1.2.1.jar:/Users/zupper/.m2/repository/org/apache/httpcomponents/httpcore/4.4.4/httpcore-4.4.4.jar:/Users/zupper/.m2/repository/com/google/guava/guava/23.0/guava-23.0.jar:/Users/zupper/.m2/repository/com/google/code/findbugs/jsr305/1.3.9/jsr305-1.3.9.jar:/Users/zupper/.m2/repository/com/google/errorprone/error_prone_annotations/2.0.18/error_prone_annotations-2.0.18.jar:/Users/zupper/.m2/repository/com/google/j2objc/j2objc-annotations/1.1/j2objc-annotations-1.1.jar:/Users/zupper/.m2/repository/org/codehaus/mojo/animal-sniffer-annotations/1.14/animal-sniffer-annotations-1.14.jar:/Users/zupper/.m2/repository/com/google/code/gson/gson/2.8.2/gson-2.8.2.jar:/Users/zupper/.m2/repository/log4j/log4j/1.2.17/log4j-1.2.17.jar:/Users/zupper/.m2/repository/com/relevantcodes/extentreports/2.04/extentreports-2.04.jar:"/>
    <property name="sun.cpu.endian" value="little"/>
    <property name="user.home" value="/Users/zupper"/>
    <property name="user.language" value="pt"/>
    <property name="java.specification.vendor" value="Oracle Corporation"/>
    <property name="java.home" value="/Library/Java/JavaVirtualMachines/jdk1.8.0_192.jdk/Contents/Home/jre"/>
    <property name="basedir" value="/Users/zupper/Documents/GrooveTestDev/GrooveTechProject/desafio-aut-web"/>
    <property name="file.separator" value="/"/>
    <property name="line.separator" value="&#10;"/>
    <property name="java.vm.specification.vendor" value="Oracle Corporation"/>
    <property name="java.specification.name" value="Java Platform API Specification"/>
    <property name="java.awt.graphicsenv" value="sun.awt.CGraphicsEnvironment"/>
    <property name="surefire.real.class.path" value="/Users/zupper/Documents/GrooveTestDev/GrooveTechProject/desafio-aut-web/target/surefire/surefirebooter4974282523377186439.jar:/Users/zupper/.m2/repository/org/aspectj/aspectjweaver/1.8.9/aspectjweaver-1.8.9.jar"/>
    <property name="sun.boot.class.path" value="/Library/Java/JavaVirtualMachines/jdk1.8.0_192.jdk/Contents/Home/jre/lib/resources.jar:/Library/Java/JavaVirtualMachines/jdk1.8.0_192.jdk/Contents/Home/jre/lib/rt.jar:/Library/Java/JavaVirtualMachines/jdk1.8.0_192.jdk/Contents/Home/jre/lib/sunrsasign.jar:/Library/Java/JavaVirtualMachines/jdk1.8.0_192.jdk/Contents/Home/jre/lib/jsse.jar:/Library/Java/JavaVirtualMachines/jdk1.8.0_192.jdk/Contents/Home/jre/lib/jce.jar:/Library/Java/JavaVirtualMachines/jdk1.8.0_192.jdk/Contents/Home/jre/lib/charsets.jar:/Library/Java/JavaVirtualMachines/jdk1.8.0_192.jdk/Contents/Home/jre/lib/jfr.jar:/Library/Java/JavaVirtualMachines/jdk1.8.0_192.jdk/Contents/Home/jre/classes"/>
    <property name="sun.management.compiler" value="HotSpot 64-Bit Tiered Compilers"/>
    <property name="ftp.nonProxyHosts" value="local|*.local|169.254/16|*.169.254/16"/>
    <property name="java.runtime.version" value="1.8.0_192-b12"/>
    <property name="user.name" value="zupper"/>
    <property name="path.separator" value=":"/>
    <property name="os.version" value="10.14.4"/>
    <property name="java.endorsed.dirs" value="/Library/Java/JavaVirtualMachines/jdk1.8.0_192.jdk/Contents/Home/jre/lib/endorsed"/>
    <property name="java.runtime.name" value="Java(TM) SE Runtime Environment"/>
    <property name="file.encoding" value="UTF-8"/>
    <property name="java.vm.name" value="Java HotSpot(TM) 64-Bit Server VM"/>
    <property name="localRepository" value="/Users/zupper/.m2/repository"/>
    <property name="java.vendor.url.bug" value="http://bugreport.sun.com/bugreport/"/>
    <property name="java.io.tmpdir" value="/var/folders/j1/068f89rj39x1d14j4rrm6yx40000gn/T/"/>
    <property name="java.version" value="1.8.0_192"/>
    <property name="user.dir" value="/Users/zupper/Documents/GrooveTestDev/GrooveTechProject/desafio-aut-web"/>
    <property name="os.arch" value="x86_64"/>
    <property name="java.vm.specification.name" value="Java Virtual Machine Specification"/>
    <property name="java.awt.printerjob" value="sun.lwawt.macosx.CPrinterJob"/>
    <property name="sun.os.patch.level" value="unknown"/>
    <property name="java.library.path" value="/Users/zupper/Library/Java/Extensions:/Library/Java/Extensions:/Network/Library/Java/Extensions:/System/Library/Java/Extensions:/usr/lib/java:."/>
    <property name="java.vm.info" value="mixed mode"/>
    <property name="java.vendor" value="Oracle Corporation"/>
    <property name="java.vm.version" value="25.192-b12"/>
    <property name="java.ext.dirs" value="/Users/zupper/Library/Java/Extensions:/Library/Java/JavaVirtualMachines/jdk1.8.0_192.jdk/Contents/Home/jre/lib/ext:/Library/Java/Extensions:/Network/Library/Java/Extensions:/System/Library/Java/Extensions:/usr/lib/java"/>
    <property name="sun.io.unicode.encoding" value="UnicodeBig"/>
    <property name="java.class.version" value="52.0"/>
    <property name="socksNonProxyHosts" value="local|*.local|169.254/16|*.169.254/16"/>
  </properties>
  <testcase name="testValidarTituloCadastro" classname="br.com.web.groove.tech.tests.LoginTest" time="24.667"/>
  <testcase name="testObrigatoriedadePassword" classname="br.com.web.groove.tech.tests.LoginTest" time="15.445"/>
</testsuite>